[21:01:24] ===== Alpha Miner Hourly: 2026-04-20 21:01:24 =====
[21:01:24] [1/4] 采集数据...

采集数据: 2026-04-20
[akshare_price] 尝试 1/3 失败: ('Connection aborted.', RemoteDisconnected('Remote end closed connection without response'))
[akshare_price] 尝试 2/3 失败: ('Connection aborted.', RemoteDisconnected('Remote end closed connection without response'))
[akshare_price] 拉取失败: ('Connection aborted.', RemoteDisconnected('Remote end closed connection without response'))
  [OK] daily_price: 0 rows
  [OK] zt_pool: 75 rows
  [OK] zb_pool: 15 rows
  [OK] strong_pool: 287 rows
  0%|          | 0/1 [00:00<?, ?it/s]100%|██████████| 1/1 [00:00<00:00,  6.96it/s]                                               [OK] lhb_detail: 73 rows
[fund_flow] 尝试 1/3 失败: ('Connection aborted.', RemoteDisconnected('Remote end closed connection without response'))
[fund_flow] 尝试 2/3 失败: ('Connection aborted.', RemoteDisconnected('Remote end closed connection without response'))
[fund_flow] 拉取失败: ('Connection aborted.', RemoteDisconnected('Remote end closed connection without response'))
  [OK] fund_flow: 0 rows
[concept] 尝试 1/3 失败: ('Connection aborted.', RemoteDisconnected('Remote end closed connection without response'))
[concept] 尝试 2/3 失败: ('Connection aborted.', RemoteDisconnected('Remote end closed connection without response'))
[concept] 拉取失败，使用 fallback: ('Connection aborted.', RemoteDisconnected('Remote end closed connection without response'))
  [SKIP] concept_mapping: empty
  [OK] market_emotion: aggregated
  [OK] concept_daily: aggregated
  Total: 452 from 9 sources
       采集结果: 2026-04-20       
┏━━━━━━━━━━━━━━━━━┳━━━━━━┳━━━━━━━┓
┃ 数据源          ┃ 行数 ┃ 状态  ┃
┡━━━━━━━━━━━━━━━━━╇━━━━━━╇━━━━━━━┩
│ daily_price     │    0 │ EMPTY │
│ zt_pool         │   75 │  OK   │
│ zb_pool         │   15 │  OK   │
│ strong_pool     │  287 │  OK   │
│ lhb_detail      │   73 │  OK   │
│ fund_flow       │    0 │ EMPTY │
│ concept_mapping │    0 │ EMPTY │
│ market_emotion  │    1 │  OK   │
│ concept_daily   │    1 │  OK   │
│ Total           │  452 │       │
└─────────────────┴──────┴───────┘
[21:02:18] [INFO] 2026-04-20 无当日行情数据（非交易日或采集失败），跳过因子计算和进化
[21:02:18] 仅执行漂移检测（基于历史数据）...
============================================================
  Alpha Miner 漂移报告 — 2026-04-20
============================================================

[市场状态] normal (置信度: 1.00)
  zt_count: 0
  highest_board: 0

[因子状态]
  因子                        状态             最新IC     IC均值     ICIR       胜率 趋势        
  -------------------------------------------------------------------------------------
  zt_dt_ratio               no_data         N/A      N/A      N/A      N/A unknown   
  consecutive_board         no_data         N/A      N/A      N/A      N/A unknown   
  main_flow_intensity       no_data         N/A      N/A      N/A      N/A unknown   
  turnover_rank             no_data         N/A      N/A      N/A      N/A unknown   
  lhb_institution           no_data         N/A      N/A      N/A      N/A unknown   
  theme_lifecycle           no_data         N/A      N/A      N/A      N/A unknown   
  narrative_velocity        no_data         N/A      N/A      N/A      N/A unknown   
  theme_crowding            no_data         N/A      N/A      N/A      N/A unknown   
  leader_clarity            no_data         N/A      N/A      N/A      N/A unknown   

[告警] 无

============================================================
[21:02:19] ===== Done (轻量模式) =====
